
:::::::::::::::::::::::::::::::::::::::::::::::::::::::::::::::::
log: output2.log
:::::::::::::::::::::::::::::::::::::::::::::::::::::::::::::::::

     1	Script  : /afs/cats.ucsc.edu/courses/cmps012b-wm/bin/runprogram.perl
     2	limit c :    0 max core file size (KB)
     3	limit f : 4194303 max output file size (KB)
     4	limit t : 4294967295 max CPU time (sec)
     5	stdin   : /dev/null
     6	stdout  : output2.out
     7	stderr  : output2.err
     8	log     : output2.log
     9	listing : output2.lis
    10	Command : catqueue test1.data test2.data test3.data
    11	starting: pid 5431: 18:40:15.00
    12	finished: pid 5431: 18:40:15.00, real 0.00, user 0.00, sys 0.00
    13	pstatus: 0x008B TERMINATED 11: Segmentation fault (core dumped)

:::::::::::::::::::::::::::::::::::::::::::::::::::::::::::::::::
stdin: /dev/null
:::::::::::::::::::::::::::::::::::::::::::::::::::::::::::::::::


:::::::::::::::::::::::::::::::::::::::::::::::::::::::::::::::::
stdout: output2.out
:::::::::::::::::::::::::::::::::::::::::::::::::::::::::::::::::


:::::::::::::::::::::::::::::::::::::::::::::::::::::::::::::::::
stderr: output2.err
:::::::::::::::::::::::::::::::::::::::::::::::::::::::::::::::::

     1	return NULL
     2	item =
     3		"$Id: test1.data,v 1.1 2012-02-14 20:32:33-08 - - $"
     4	item =
     5		"Test data 1 line 1."
     6	item =
     7		"Test data 1 line 2."
     8	item =
     9		"Test data 1 line 3."
    10	item =
    11		"$Id: test2.data,v 1.1 2012-02-14 20:32:33-08 - - $"
    12	item =
    13		"Test data 2 line 1."
    14	item =
    15		"Test data 2 line 2."
    16	item =
    17		"Test data 2 line 3."
    18	item =
    19		"$Id: test3.data,v 1.1 2012-02-14 20:32:33-08 - - $"
    20	item =
    21		"Test data 3 line 1."
    22	item =
    23		"Test data 3 line 2."
    24	item =
    25		"Test data 3 line 3."
